<?xml version="1.0" encoding="UTF-8"?>
<testng-results skipped="0" failed="0" total="2" passed="2">
  <reporter-output>
    <line>
      <![CDATA[login was successful]]>
    </line>
  </reporter-output>
  <suite name="Suite" duration-ms="23797" started-at="2017-03-29T00:04:53Z" finished-at="2017-03-29T00:05:17Z">
    <groups>
    </groups>
    <test name="Test" duration-ms="23797" started-at="2017-03-29T00:04:53Z" finished-at="2017-03-29T00:05:17Z">
      <class name="hotel_app.MyFirstWebDriverTest">
        <test-method status="PASS" signature="login()[pri:0, instance:hotel_app.MyFirstWebDriverTest@523884b2]" name="login" is-config="true" duration-ms="2384" started-at="2017-03-28T20:05:06Z" finished-at="2017-03-28T20:05:08Z">
          <reporter-output>
          </reporter-output>
        </test-method> <!-- login -->
        <test-method status="PASS" signature="testMyFirst()[pri:0, instance:hotel_app.MyFirstWebDriverTest@523884b2]" name="testMyFirst" duration-ms="9145" started-at="2017-03-28T20:05:08Z" finished-at="2017-03-28T20:05:17Z">
          <reporter-output>
          </reporter-output>
        </test-method> <!-- testMyFirst -->
      </class> <!-- hotel_app.MyFirstWebDriverTest -->
      <class name="hotel_app.MyTestNGTest">
        <test-method status="PASS" signature="login()[pri:0, instance:hotel_app.MyTestNGTest@4501b7af]" name="login" is-config="true" duration-ms="2810" started-at="2017-03-28T20:04:53Z" finished-at="2017-03-28T20:04:56Z">
          <reporter-output>
          </reporter-output>
        </test-method> <!-- login -->
        <test-method status="PASS" signature="testMyFirst()[pri:0, instance:hotel_app.MyTestNGTest@4501b7af]" name="testMyFirst" duration-ms="9303" started-at="2017-03-28T20:04:56Z" finished-at="2017-03-28T20:05:05Z">
          <reporter-output>
            <line>
              <![CDATA[login was successful]]>
            </line>
          </reporter-output>
        </test-method> <!-- testMyFirst -->
        <test-method status="PASS" signature="close_broswer()[pri:0, instance:hotel_app.MyTestNGTest@4501b7af]" name="close_broswer" is-config="true" duration-ms="140" started-at="2017-03-28T20:05:05Z" finished-at="2017-03-28T20:05:06Z">
          <reporter-output>
          </reporter-output>
        </test-method> <!-- close_broswer -->
      </class> <!-- hotel_app.MyTestNGTest -->
    </test> <!-- Test -->
  </suite> <!-- Suite -->
</testng-results>
