<?xml version="1.0" encoding="UTF-8"?>
<!-- Generated by org.testng.reporters.JUnitXMLReporter -->
<testsuite hostname="Rameshs-MacBook-Pro.local" name="IETest" tests="1" failures="0" timestamp="6 Mar 2017 20:46:57 GMT" time="0.877" errors="0">
  <testcase name="@BeforeMethod set_up" time="0.0" classname="toolsQA.CrossBrowser">
    <failure type="java.lang.NullPointerException">
      <![CDATA[java.lang.NullPointerException
	at toolsQA.CrossBrowser.set_up(CrossBrowser.java:32)
... Removed 26 stack frames]]>
    </failure>
  </testcase> <!-- @BeforeMethod set_up -->
  <testcase name="@AfterMethod close" time="0.0" classname="toolsQA.CrossBrowser">
    <skipped/>
  </testcase> <!-- @AfterMethod close -->
  <testcase name="login" time="0.001" classname="toolsQA.CrossBrowser">
    <skipped/>
  </testcase> <!-- login -->
</testsuite> <!-- IETest -->
